<?xml version="1.0" encoding="UTF-8"?>
<!-- Generated by org.testng.reporters.JUnitReportReporter -->
<testsuite hostname="DESKTOP-KQS8UMH" failures="0" tests="6" name="TestNgSample2.ParallelTest1" time="0.073" errors="0" timestamp="17 May 2022 07:04:08 GMT">
  <testcase classname="TestNgSample2.ParallelTest1" name="test3" time="0.006"/>
  <testcase classname="TestNgSample2.ParallelTest1" name="test5" time="0.001"/>
  <testcase classname="TestNgSample2.ParallelTest1" name="test1" time="0.021"/>
  <testcase classname="TestNgSample2.ParallelTest1" name="test4" time="0.012"/>
  <testcase classname="TestNgSample2.ParallelTest1" name="test2" time="0.019"/>
  <testcase classname="TestNgSample2.ParallelTest1" name="test6" time="0.014"/>
</testsuite> <!-- TestNgSample2.ParallelTest1 -->
