<?xml version="1.0" encoding="UTF-8"?>
<!-- Generated by org.testng.reporters.JUnitReportReporter -->
<testsuite hostname="DESKTOP-KQS8UMH" failures="0" tests="3" name="TestNGSample.SampleTest" time="167.151" errors="0" timestamp="18 May 2022 16:58:27 GMT">
  <testcase classname="TestNGSample.SampleTest" name="selenium" time="61.980"/>
  <testcase classname="TestNGSample.SampleTest" name="cypress" time="47.904"/>
  <testcase classname="TestNGSample.SampleTest" name="Java" time="57.267"/>
</testsuite> <!-- TestNGSample.SampleTest -->
