<?xml version="1.0" encoding="UTF-8"?>
<!-- Generated by org.testng.reporters.JUnitReportReporter -->
<testsuite hostname="DESKTOP-KQS8UMH" failures="0" tests="6" name="BasicsMain.TestNGBasicsPriority" time="0.018" errors="0" timestamp="18 May 2022 08:44:17 GMT">
  <testcase classname="BasicsMain.TestNGBasicsPriority" name="jkm" time="0.011"/>
  <testcase classname="BasicsMain.TestNGBasicsPriority" name="def" time="0.001"/>
  <testcase classname="BasicsMain.TestNGBasicsPriority" name="jkz" time="0.001"/>
  <testcase classname="BasicsMain.TestNGBasicsPriority" name="okj" time="0.001"/>
  <testcase classname="BasicsMain.TestNGBasicsPriority" name="ghi" time="0.002"/>
  <testcase classname="BasicsMain.TestNGBasicsPriority" name="abc" time="0.002"/>
</testsuite> <!-- BasicsMain.TestNGBasicsPriority -->
