<?xml version="1.0" encoding="UTF-8"?>
<!-- Generated by org.testng.reporters.JUnitReportReporter -->
<testsuite hostname="DESKTOP-KQS8UMH" failures="0" tests="3" name="BasicsMain.ParameterCheck" time="0.042" errors="0" timestamp="19 May 2022 09:55:02 GMT">
  <testcase classname="BasicsMain.ParameterCheck" name="test" time="0.038"/>
  <testcase classname="BasicsMain.ParameterCheck" name="test1" time="0.002"/>
  <testcase classname="BasicsMain.ParameterCheck" name="test3" time="0.002"/>
</testsuite> <!-- BasicsMain.ParameterCheck -->
