<?xml version="1.0" encoding="UTF-8"?>
<!-- Generated by org.testng.reporters.JUnitReportReporter -->
<testsuite hostname="DESKTOP-KQS8UMH" failures="0" tests="5" name="BasicsMain.InvocationCount" time="0.020" errors="0" timestamp="18 May 2022 13:53:41 GMT">
  <testcase classname="BasicsMain.InvocationCount" name="count" time="0.002"/>
  <testcase classname="BasicsMain.InvocationCount" name="count" time="0.001"/>
  <testcase classname="BasicsMain.InvocationCount" name="count" time="0.013"/>
  <testcase classname="BasicsMain.InvocationCount" name="count" time="0.003"/>
  <testcase classname="BasicsMain.InvocationCount" name="count" time="0.001"/>
</testsuite> <!-- BasicsMain.InvocationCount -->
