<?xml version="1.0" encoding="UTF-8"?>
<!-- Generated by org.testng.reporters.JUnitReportReporter -->
<testsuite hostname="DESKTOP-KQS8UMH" failures="0" tests="3" name="BasicsMain.TestNGParameter" time="33.251" errors="0" timestamp="18 May 2022 12:27:53 GMT">
  <testcase classname="BasicsMain.TestNGParameter" name="dataprovidervalidation" time="11.664"/>
  <testcase classname="BasicsMain.TestNGParameter" name="dataprovidervalidation" time="12.233"/>
  <testcase classname="BasicsMain.TestNGParameter" name="dataprovidervalidation" time="9.354"/>
</testsuite> <!-- BasicsMain.TestNGParameter -->
