<?xml version="1.0" encoding="UTF-8"?>
<!-- Generated by org.testng.reporters.JUnitReportReporter -->
<testsuite hostname="DESKTOP-KQS8UMH" failures="0" tests="1" name="BasicsMain.Description" time="0.014" errors="0" timestamp="18 May 2022 13:51:54 GMT">
  <testcase classname="BasicsMain.Description" name="describe" time="0.014"/>
</testsuite> <!-- BasicsMain.Description -->
