<?xml version="1.0" encoding="UTF-8"?>
<!-- Generated by org.testng.reporters.JUnitReportReporter -->
<testsuite hostname="DESKTOP-KQS8UMH" failures="0" tests="3" name="BasicsMain.TestNGGroups" time="0.017" errors="0" timestamp="18 May 2022 13:20:35 GMT">
  <testcase classname="BasicsMain.TestNGGroups" name="groupTest2" time="0.001"/>
  <testcase classname="BasicsMain.TestNGGroups" name="groupTest" time="0.014"/>
  <testcase classname="BasicsMain.TestNGGroups" name="groupTest1" time="0.002"/>
</testsuite> <!-- BasicsMain.TestNGGroups -->
