<?xml version="1.0" encoding="UTF-8"?>
<!-- Generated by org.testng.reporters.JUnitReportReporter -->
<testsuite hostname="DESKTOP-KQS8UMH" failures="0" tests="1" name="BasicsMain.TestNGEnabled" time="0.015" errors="0" timestamp="18 May 2022 13:48:37 GMT">
  <testcase classname="BasicsMain.TestNGEnabled" name="test" time="0.015"/>
</testsuite> <!-- BasicsMain.TestNGEnabled -->
