<?xml version="1.0" encoding="UTF-8"?>
<!-- Generated by org.testng.reporters.JUnitReportReporter -->
<testsuite hostname="DESKTOP-KQS8UMH" failures="0" tests="1" name="BasicsMain.ScreenshotsTestNG" time="83.571" errors="0" timestamp="18 May 2022 15:29:57 GMT">
  <testcase classname="BasicsMain.ScreenshotsTestNG" name="test" time="83.571"/>
</testsuite> <!-- BasicsMain.ScreenshotsTestNG -->
