<?xml version="1.0" encoding="UTF-8"?>
<!-- Generated by org.testng.reporters.JUnitReportReporter -->
<testsuite hostname="DESKTOP-KQS8UMH" failures="0" tests="1" name="TestNGSample.NewTest" time="31.809" errors="0" timestamp="17 May 2022 06:22:59 GMT">
  <testcase classname="TestNGSample.NewTest" name="Sample2" time="31.809"/>
</testsuite> <!-- TestNGSample.NewTest -->
