<?xml version="1.0" encoding="UTF-8"?>
<!-- Generated by org.testng.reporters.JUnitReportReporter -->
<testsuite hostname="DESKTOP-KQS8UMH" failures="0" tests="1" name="BasicsMain.ReportsCheck" time="29.404" errors="0" timestamp="18 May 2022 17:03:50 GMT">
  <testcase classname="BasicsMain.ReportsCheck" name="test" time="29.404"/>
</testsuite> <!-- BasicsMain.ReportsCheck -->
