<?xml version="1.0" encoding="UTF-8"?>
<!-- Generated by org.testng.reporters.JUnitReportReporter -->
<testsuite hostname="DESKTOP-KQS8UMH" failures="0" tests="6" name="TestNgSample2.ParallelTest5" time="0.058" errors="0" timestamp="17 May 2022 07:04:08 GMT">
  <testcase classname="TestNgSample2.ParallelTest5" name="test2" time="0.025"/>
  <testcase classname="TestNgSample2.ParallelTest5" name="test4" time="0.005"/>
  <testcase classname="TestNgSample2.ParallelTest5" name="test1" time="0.007"/>
  <testcase classname="TestNgSample2.ParallelTest5" name="test3" time="0.013"/>
  <testcase classname="TestNgSample2.ParallelTest5" name="test5" time="0.004"/>
  <testcase classname="TestNgSample2.ParallelTest5" name="test6" time="0.004"/>
</testsuite> <!-- TestNgSample2.ParallelTest5 -->
