<?xml version="1.0" encoding="UTF-8"?>
<!-- Generated by org.testng.reporters.JUnitReportReporter -->
<testsuite hostname="DESKTOP-KQS8UMH" failures="0" tests="3" name="BasicsMain.TestNGDataProvider" time="126.398" errors="0" timestamp="18 May 2022 12:58:02 GMT">
  <testcase classname="BasicsMain.TestNGDataProvider" name="dataprovidervalidation" time="32.855"/>
  <testcase classname="BasicsMain.TestNGDataProvider" name="dataprovidervalidation" time="65.443"/>
  <testcase classname="BasicsMain.TestNGDataProvider" name="dataprovidervalidation" time="28.100"/>
</testsuite> <!-- BasicsMain.TestNGDataProvider -->
