<?xml version="1.0" encoding="UTF-8"?>
<!-- Generated by org.testng.reporters.JUnitReportReporter -->
<testsuite hostname="DESKTOP-KQS8UMH" failures="0" tests="2" name="BasicsMain.TestNGpublic" time="0.010" errors="0" timestamp="18 May 2022 13:28:00 GMT">
  <testcase classname="BasicsMain.TestNGpublic" name="test1" time="0.009"/>
  <testcase classname="BasicsMain.TestNGpublic" name="test2" time="0.001"/>
</testsuite> <!-- BasicsMain.TestNGpublic -->
