<?xml version="1.0" encoding="UTF-8"?>
<!-- Generated by org.testng.reporters.JUnitReportReporter -->
<testsuite hostname="DESKTOP-KQS8UMH" failures="0" tests="6" name="TestNgSample2.ParallelTest4" time="0.063" errors="0" timestamp="17 May 2022 07:04:08 GMT">
  <testcase classname="TestNgSample2.ParallelTest4" name="test4" time="0.005"/>
  <testcase classname="TestNgSample2.ParallelTest4" name="test6" time="0.012"/>
  <testcase classname="TestNgSample2.ParallelTest4" name="test3" time="0.010"/>
  <testcase classname="TestNgSample2.ParallelTest4" name="test5" time="0.010"/>
  <testcase classname="TestNgSample2.ParallelTest4" name="test1" time="0.021"/>
  <testcase classname="TestNgSample2.ParallelTest4" name="test2" time="0.005"/>
</testsuite> <!-- TestNgSample2.ParallelTest4 -->
