<?xml version="1.0" encoding="UTF-8"?>
<!-- Generated by org.testng.reporters.JUnitReportReporter -->
<testsuite hostname="DESKTOP-KQS8UMH" failures="0" tests="1" name="BasicsMain.LinksTest" time="21.774" errors="0" timestamp="26 May 2022 05:18:03 GMT">
  <testcase classname="BasicsMain.LinksTest" name="test" time="21.774"/>
</testsuite> <!-- BasicsMain.LinksTest -->
