<?xml version="1.0" encoding="UTF-8"?>
<!-- Generated by org.testng.reporters.JUnitReportReporter -->
<testsuite hostname="DESKTOP-KQS8UMH" failures="0" tests="1" name="BasicsMain.Annotations" time="0.008" errors="0" timestamp="18 May 2022 10:06:13 GMT">
  <testcase classname="BasicsMain.Annotations" name="test" time="0.008"/>
</testsuite> <!-- BasicsMain.Annotations -->
